11.5090 	INFO 	Loaded monitor calibration from ['2024_08_09 00:06']
11.8971 	EXP 	Created window1 = Window(allowGUI=True, allowStencil=False, autoLog=True, backendConf=UNKNOWN, backgroundFit=<method-wrapper '__getattribute__' of attributeSetter object at 0x000002091DD17460>, backgroundImage=<method-wrapper '__getattribute__' of attributeSetter object at 0x000002091DD17400>, bitsMode=UNKNOWN, blendMode='avg', bpc=(8, 8, 8), color=array([0, 0, 0]), colorSpace='rgb', depthBits=8, fullscr=<method-wrapper '__getattribute__' of attributeSetter object at 0x000002091DD171F0>, gamma=None, gammaErrorPolicy='raise', infoMsg=UNKNOWN, lms=UNKNOWN, monitor=<psychopy.monitors.calibTools.Monitor object at 0x000002091E1CB310>, multiSample=False, name='window1', numSamples=2, pos=[560.0, 240.0], screen=0, size=array([800, 600]), stencilBits=0, stereo=False, title='PsychoPy', units='height', useFBO=True, useRetina=False, viewOri=0.0, viewPos=None, viewScale=None, waitBlanking=True, winType='pyglet')
11.8971 	EXP 	window1: backgroundImage = ''
11.8972 	EXP 	window1: backgroundFit = 'none'
11.8973 	EXP 	window1: mouseVisible = <method-wrapper '__getattribute__' of attributeSetter object at 0x000002091DD17580>
11.8976 	EXP 	window1: mouseVisible = <method-wrapper '__getattribute__' of attributeSetter object at 0x000002091DD17580>
11.9013 	EXP 	window1: mouseVisible = <method-wrapper '__getattribute__' of attributeSetter object at 0x000002091DD17580>
11.9019 	EXP 	window1: mouseVisible = <method-wrapper '__getattribute__' of attributeSetter object at 0x000002091DD17580>
11.9137 	DEBUG 	TextBox2 loaded 1 chars with 0 blanks and 1 valid
11.9150 	DEBUG 	TextBox2 loaded 1 chars with 0 blanks and 1 valid
11.9165 	DEBUG 	TextBox2 loaded 1 chars with 0 blanks and 1 valid
11.9181 	DEBUG 	TextBox2 loaded 1 chars with 0 blanks and 1 valid
11.9200 	DEBUG 	TextBox2 loaded 1 chars with 0 blanks and 1 valid
11.9212 	DEBUG 	TextBox2 loaded 1 chars with 0 blanks and 1 valid
11.9227 	DEBUG 	TextBox2 loaded 1 chars with 0 blanks and 1 valid
11.9243 	DEBUG 	TextBox2 loaded 1 chars with 0 blanks and 1 valid
11.9251 	DEBUG 	TextBox2 loaded 1 chars with 0 blanks and 1 valid
11.9261 	DEBUG 	TextBox2 loaded 1 chars with 0 blanks and 1 valid
11.9277 	DEBUG 	TextBox2 loaded 1 chars with 0 blanks and 1 valid
11.9301 	DEBUG 	TextBox2 loaded 1 chars with 0 blanks and 1 valid
11.9321 	DEBUG 	TextBox2 loaded 1 chars with 0 blanks and 1 valid
11.9342 	DEBUG 	TextBox2 loaded 1 chars with 0 blanks and 1 valid
11.9363 	DEBUG 	TextBox2 loaded 1 chars with 0 blanks and 1 valid
11.9379 	DEBUG 	TextBox2 loaded 1 chars with 0 blanks and 1 valid
11.9391 	DEBUG 	TextBox2 loaded 1 chars with 0 blanks and 1 valid
11.9401 	DEBUG 	TextBox2 loaded 1 chars with 0 blanks and 1 valid
11.9410 	DEBUG 	TextBox2 loaded 1 chars with 0 blanks and 1 valid
11.9426 	DEBUG 	TextBox2 loaded 1 chars with 0 blanks and 1 valid
11.9435 	DEBUG 	TextBox2 loaded 1 chars with 0 blanks and 1 valid
11.9444 	DEBUG 	Uploading Texture Font fontname to graphics card
11.9943 	DEBUG 	Upload of Texture Font fontname complete
11.9970 	EXP 	window1: mouseVisible = <method-wrapper '__getattribute__' of attributeSetter object at 0x000002091DD17580>
11.9973 	EXP 	window1: mouseVisible = <method-wrapper '__getattribute__' of attributeSetter object at 0x000002091DD17580>
11.9987 	EXP 	window1: mouseVisible = <method-wrapper '__getattribute__' of attributeSetter object at 0x000002091DD17580>
11.9998 	EXP 	window1: mouseVisible = <method-wrapper '__getattribute__' of attributeSetter object at 0x000002091DD17580>
12.0089 	DEBUG 	TextBox2 loaded 1 chars with 0 blanks and 1 valid
12.0116 	DEBUG 	TextBox2 loaded 1 chars with 0 blanks and 1 valid
12.0140 	DEBUG 	TextBox2 loaded 1 chars with 0 blanks and 1 valid
12.0144 	DEBUG 	Uploading Texture Font fontname to graphics card
12.0250 	DEBUG 	Upload of Texture Font fontname complete
12.0278 	EXP 	window1: Attempting to measure frame rate of screen (0) ...
12.0278 	EXP 	window1: recordFrameIntervals = False
12.2343 	EXP 	window1: recordFrameIntervals = True
12.3330 	WARNING 	t of last frame was 31.04ms (=1/32)
12.5011 	EXP 	Screen (0) actual frame rate measured at 59.61Hz
12.5012 	EXP 	window1: recordFrameIntervals = False
12.5013 	EXP 	window1: mouseVisible = True
12.5020 	EXP 	window1: mouseVisible = True
12.5023 	EXP 	window1: mouseVisible = True
12.5039 	EXP 	window1: mouseVisible = True
12.5054 	EXP 	window1: mouseVisible = True
12.5169 	DEBUG 	TextBox2 loaded 1 chars with 0 blanks and 1 valid
12.5193 	DEBUG 	TextBox2 loaded 1 chars with 0 blanks and 1 valid
12.5223 	DEBUG 	TextBox2 loaded 1 chars with 0 blanks and 1 valid
12.5257 	DEBUG 	TextBox2 loaded 1 chars with 0 blanks and 1 valid
12.5287 	DEBUG 	TextBox2 loaded 1 chars with 0 blanks and 1 valid
12.5317 	DEBUG 	TextBox2 loaded 1 chars with 0 blanks and 1 valid
12.5336 	DEBUG 	TextBox2 loaded 1 chars with 0 blanks and 1 valid
12.5359 	DEBUG 	TextBox2 loaded 1 chars with 0 blanks and 1 valid
12.5383 	DEBUG 	TextBox2 loaded 1 chars with 0 blanks and 1 valid
12.5412 	DEBUG 	TextBox2 loaded 1 chars with 0 blanks and 1 valid
12.5417 	DEBUG 	Uploading Texture Font fontname to graphics card
12.5424 	DEBUG 	Upload of Texture Font fontname complete
12.5456 	EXP 	window1: mouseVisible = True
12.5459 	EXP 	window1: mouseVisible = True
12.5471 	EXP 	window1: mouseVisible = True
12.5483 	EXP 	window1: mouseVisible = True
12.6569 	WARNING 	launchHubServer: If using the iohub mouse or eyetracker devices, fullScr should be True.
16.9843 	INFO 	keyboard.Keyboard is using iohub backend.
16.9844 	INFO 	keyboard.Keyboard is using iohub backend.
16.9844 	EXP 	signal_detection: status = STARTED
16.9847 	EXP 	window1: mouseVisible = True
16.9894 	EXP 	Created fixation = ShapeStim(__class__=<class 'psychopy.visual.shape.ShapeStim'>, anchor=('center', 'center'), autoDraw=False, autoLog=True, closeShape=True, color=method-wrapper(...), colorSpace='rgb', contrast=None, depth=0.0, draggable=False, fillColor=array([1, 1, 1]), fillColorSpace='rgb', fillRGB=array([1, 1, 1]), interpolate=True, lineColor=array([1., 1., 1.]), lineColorSpace='rgb', lineRGB=array([1, 1, 1]), lineWidth=1.0, name='fixation', opacity=1.0, ori=0.0, pos=array([0., 0.]), size=array([10., 10.]), units='pix', vertices=ndarray(...), win=Window(...), windingRule=None)
16.9896 	EXP 	window1: mouseVisible = True
16.9953 	EXP 	Created grating = GratingStim(__class__=<class 'psychopy.visual.grating.GratingStim'>, anchor='center', autoDraw=False, autoLog=True, blendmode='avg', color=array([0.3, 0.3, 0.3]), colorSpace='rgb', contrast=0.3, depth=-1.0, draggable=False, interpolate=True, mask='gauss', maskParams=None, name='grating', opacity=1.0, ori=1.0, phase=array([0., 0.]), pos=array([0., 0.]), rgbPedestal=array([0., 0., 0.]), sf=array([5., 5.]), size=array([0.2, 0.2]), tex='sin', texRes=128.0, units='height', win=Window(...))
0.0333 	EXP 	Created sequence: random, trialTypes=1, nReps=100, seed=None
0.0345 	EXP 	New trial (rep=0, index=0): None
0.0505 	EXP 	grating: ori = -3.0
0.0505 	EXP 	fixation: autoDraw = True
1.0350 	INFO 	Keyboard events cleared
1.0345 	EXP 	grating: autoDraw = True
1.0345 	EXP 	grating: tex = 'sin'
1.0517 	EXP 	fixation: autoDraw = False
1.3346 	EXP 	grating: autoDraw = False
1.6834 	EXP 	New trial (rep=1, index=0): None
1.6862 	DATA 	Keypress: down
1.7001 	EXP 	fixation: autoDraw = False
1.7001 	EXP 	grating: autoDraw = False
1.7001 	EXP 	grating: ori = 4.0
1.7001 	EXP 	fixation: autoDraw = True
2.6850 	INFO 	Keyboard events cleared
2.6843 	EXP 	grating: autoDraw = True
2.7008 	EXP 	fixation: autoDraw = False
2.9844 	EXP 	grating: autoDraw = False
3.3104 	EXP 	New trial (rep=2, index=0): None
3.3136 	DATA 	Keypress: down
3.3173 	EXP 	fixation: autoDraw = False
3.3173 	EXP 	grating: autoDraw = False
3.3173 	EXP 	grating: ori = -5.0
3.3173 	EXP 	fixation: autoDraw = True
4.3181 	INFO 	Keyboard events cleared
4.3173 	EXP 	fixation: autoDraw = False
4.3173 	EXP 	grating: autoDraw = True
4.6166 	EXP 	grating: autoDraw = False
4.9106 	EXP 	New trial (rep=3, index=0): None
4.9137 	DATA 	Keypress: down
4.9322 	EXP 	fixation: autoDraw = False
4.9322 	EXP 	grating: autoDraw = False
4.9322 	EXP 	grating: ori = 0.0
4.9322 	EXP 	fixation: autoDraw = True
5.9178 	INFO 	Keyboard events cleared
5.9169 	EXP 	grating: autoDraw = True
5.9334 	EXP 	fixation: autoDraw = False
6.2170 	EXP 	grating: autoDraw = False
6.3904 	EXP 	New trial (rep=4, index=0): None
6.3930 	DATA 	Keypress: up
6.3999 	EXP 	fixation: autoDraw = False
6.3999 	EXP 	grating: autoDraw = False
6.3999 	EXP 	grating: ori = 0.0
6.3999 	EXP 	fixation: autoDraw = True
7.3999 	INFO 	Keyboard events cleared
7.3993 	EXP 	fixation: autoDraw = False
7.3993 	EXP 	grating: autoDraw = True
7.6997 	EXP 	grating: autoDraw = False
7.9421 	EXP 	New trial (rep=5, index=0): None
7.9449 	DATA 	Keypress: up
7.9496 	EXP 	fixation: autoDraw = False
7.9496 	EXP 	grating: autoDraw = False
7.9496 	EXP 	grating: ori = -4.0
7.9496 	EXP 	fixation: autoDraw = True
8.9492 	INFO 	Keyboard events cleared
8.9486 	EXP 	fixation: autoDraw = False
8.9486 	EXP 	grating: autoDraw = True
9.2488 	EXP 	grating: autoDraw = False
9.4916 	EXP 	New trial (rep=6, index=0): None
9.4934 	DATA 	Keypress: down
9.4984 	EXP 	fixation: autoDraw = False
9.4984 	EXP 	grating: autoDraw = False
9.4984 	EXP 	grating: ori = 2.0
9.4984 	EXP 	fixation: autoDraw = True
10.4991 	INFO 	Keyboard events cleared
10.4983 	EXP 	fixation: autoDraw = False
10.4983 	EXP 	grating: autoDraw = True
10.7981 	EXP 	grating: autoDraw = False
11.1080 	EXP 	New trial (rep=7, index=0): None
11.1103 	DATA 	Keypress: down
11.1148 	EXP 	fixation: autoDraw = False
11.1148 	EXP 	grating: autoDraw = False
11.1148 	EXP 	grating: ori = 4.0
11.1148 	EXP 	fixation: autoDraw = True
12.1163 	INFO 	Keyboard events cleared
12.1155 	EXP 	fixation: autoDraw = False
12.1155 	EXP 	grating: autoDraw = True
12.4144 	EXP 	grating: autoDraw = False
12.6734 	EXP 	New trial (rep=8, index=0): None
12.6760 	DATA 	Keypress: down
12.6811 	EXP 	fixation: autoDraw = False
12.6811 	EXP 	grating: autoDraw = False
12.6811 	EXP 	grating: ori = -4.0
12.6811 	EXP 	fixation: autoDraw = True
13.6811 	INFO 	Keyboard events cleared
13.6805 	EXP 	fixation: autoDraw = False
13.6805 	EXP 	grating: autoDraw = True
13.9808 	EXP 	grating: autoDraw = False
14.2728 	EXP 	New trial (rep=9, index=0): None
14.2755 	DATA 	Keypress: down
14.2805 	EXP 	fixation: autoDraw = False
14.2805 	EXP 	grating: autoDraw = False
14.2805 	EXP 	grating: ori = 3.0
14.2805 	EXP 	fixation: autoDraw = True
15.2808 	INFO 	Keyboard events cleared
15.2801 	EXP 	fixation: autoDraw = False
15.2801 	EXP 	grating: autoDraw = True
15.5798 	EXP 	grating: autoDraw = False
15.8731 	EXP 	New trial (rep=10, index=0): None
15.8756 	DATA 	Keypress: down
15.8795 	EXP 	fixation: autoDraw = False
15.8795 	EXP 	grating: autoDraw = False
15.8795 	EXP 	grating: ori = 0.0
15.8795 	EXP 	fixation: autoDraw = True
16.8796 	INFO 	Keyboard events cleared
16.8792 	EXP 	fixation: autoDraw = False
16.8792 	EXP 	grating: autoDraw = True
17.1793 	EXP 	grating: autoDraw = False
17.6394 	EXP 	New trial (rep=11, index=0): None
17.6414 	DATA 	Keypress: up
17.6453 	EXP 	fixation: autoDraw = False
17.6453 	EXP 	grating: autoDraw = False
17.6453 	EXP 	grating: ori = 1.0
17.6453 	EXP 	fixation: autoDraw = True
18.6461 	INFO 	Keyboard events cleared
18.6456 	EXP 	fixation: autoDraw = False
18.6456 	EXP 	grating: autoDraw = True
18.9452 	EXP 	grating: autoDraw = False
19.4882 	EXP 	New trial (rep=12, index=0): None
19.4907 	DATA 	Keypress: down
19.4951 	EXP 	fixation: autoDraw = False
19.4951 	EXP 	grating: autoDraw = False
19.4951 	EXP 	grating: ori = -4.0
19.4951 	EXP 	fixation: autoDraw = True
20.4948 	INFO 	Keyboard events cleared
20.4943 	EXP 	fixation: autoDraw = False
20.4943 	EXP 	grating: autoDraw = True
20.7947 	EXP 	grating: autoDraw = False
21.0869 	EXP 	New trial (rep=13, index=0): None
21.0895 	DATA 	Keypress: down
21.0947 	EXP 	fixation: autoDraw = False
21.0947 	EXP 	grating: autoDraw = False
21.0947 	EXP 	grating: ori = 0.0
21.0947 	EXP 	fixation: autoDraw = True
22.0949 	INFO 	Keyboard events cleared
22.0943 	EXP 	fixation: autoDraw = False
22.0943 	EXP 	grating: autoDraw = True
22.3945 	EXP 	grating: autoDraw = False
22.8533 	EXP 	New trial (rep=14, index=0): None
22.8555 	DATA 	Keypress: up
22.8604 	EXP 	fixation: autoDraw = False
22.8604 	EXP 	grating: autoDraw = False
22.8604 	EXP 	grating: ori = 0.0
22.8604 	EXP 	fixation: autoDraw = True
23.8608 	INFO 	Keyboard events cleared
23.8603 	EXP 	fixation: autoDraw = False
23.8603 	EXP 	grating: autoDraw = True
24.1620 	EXP 	grating: autoDraw = False
24.3373 	EXP 	New trial (rep=15, index=0): None
24.3398 	DATA 	Keypress: up
24.3428 	EXP 	fixation: autoDraw = False
24.3428 	EXP 	grating: autoDraw = False
24.3428 	EXP 	grating: ori = -4.0
24.3428 	EXP 	fixation: autoDraw = True
25.3437 	INFO 	Keyboard events cleared
25.3431 	EXP 	fixation: autoDraw = False
25.3431 	EXP 	grating: autoDraw = True
25.6431 	EXP 	grating: autoDraw = False
25.9336 	EXP 	New trial (rep=16, index=0): None
25.9352 	DATA 	Keypress: down
25.9423 	EXP 	fixation: autoDraw = False
25.9423 	EXP 	grating: autoDraw = False
25.9423 	EXP 	grating: ori = 0.0
25.9423 	EXP 	fixation: autoDraw = True
26.9435 	INFO 	Keyboard events cleared
26.9429 	EXP 	fixation: autoDraw = False
26.9429 	EXP 	grating: autoDraw = True
27.2430 	EXP 	grating: autoDraw = False
27.5022 	EXP 	New trial (rep=17, index=0): None
27.5051 	DATA 	Keypress: up
27.5094 	EXP 	fixation: autoDraw = False
27.5094 	EXP 	grating: autoDraw = False
27.5094 	EXP 	grating: ori = 2.0
27.5094 	EXP 	fixation: autoDraw = True
28.5097 	INFO 	Keyboard events cleared
28.5091 	EXP 	fixation: autoDraw = False
28.5091 	EXP 	grating: autoDraw = True
28.8083 	EXP 	grating: autoDraw = False
29.4848 	EXP 	New trial (rep=18, index=0): None
29.4875 	DATA 	Keypress: down
29.4914 	EXP 	fixation: autoDraw = False
29.4914 	EXP 	grating: autoDraw = False
29.4914 	EXP 	grating: ori = 0.0
29.4914 	EXP 	fixation: autoDraw = True
30.4921 	INFO 	Keyboard events cleared
30.4914 	EXP 	fixation: autoDraw = False
30.4914 	EXP 	grating: autoDraw = True
30.7914 	EXP 	grating: autoDraw = False
31.3187 	EXP 	New trial (rep=19, index=0): None
31.3211 	DATA 	Keypress: up
31.3397 	EXP 	fixation: autoDraw = False
31.3397 	EXP 	grating: autoDraw = False
31.3397 	EXP 	grating: ori = 0.0
31.3397 	EXP 	fixation: autoDraw = True
32.3242 	INFO 	Keyboard events cleared
32.3238 	EXP 	grating: autoDraw = True
32.3403 	EXP 	fixation: autoDraw = False
32.6238 	EXP 	grating: autoDraw = False
32.8319 	EXP 	New trial (rep=20, index=0): None
32.8336 	DATA 	Keypress: up
32.8398 	EXP 	fixation: autoDraw = False
32.8398 	EXP 	grating: autoDraw = False
32.8398 	EXP 	grating: ori = 0.0
32.8398 	EXP 	fixation: autoDraw = True
33.8411 	INFO 	Keyboard events cleared
33.8406 	EXP 	fixation: autoDraw = False
33.8406 	EXP 	grating: autoDraw = True
34.1399 	EXP 	grating: autoDraw = False
34.4483 	EXP 	New trial (rep=21, index=0): None
34.4504 	DATA 	Keypress: up
34.4565 	EXP 	fixation: autoDraw = False
34.4565 	EXP 	grating: autoDraw = False
34.4565 	EXP 	grating: ori = -4.0
34.4565 	EXP 	fixation: autoDraw = True
35.4567 	INFO 	Keyboard events cleared
35.4561 	EXP 	fixation: autoDraw = False
35.4561 	EXP 	grating: autoDraw = True
35.7560 	EXP 	grating: autoDraw = False
36.0987 	EXP 	New trial (rep=22, index=0): None
36.1008 	DATA 	Keypress: down
36.1059 	EXP 	fixation: autoDraw = False
36.1059 	EXP 	grating: autoDraw = False
36.1059 	EXP 	grating: ori = 2.0
36.1059 	EXP 	fixation: autoDraw = True
37.1061 	INFO 	Keyboard events cleared
37.1055 	EXP 	grating: autoDraw = True
37.1220 	EXP 	fixation: autoDraw = False
37.4063 	EXP 	grating: autoDraw = False
37.7649 	EXP 	New trial (rep=23, index=0): None
37.7677 	DATA 	Keypress: down
37.7724 	EXP 	fixation: autoDraw = False
37.7724 	EXP 	grating: autoDraw = False
37.7724 	EXP 	grating: ori = 0.0
37.7724 	EXP 	fixation: autoDraw = True
38.7719 	INFO 	Keyboard events cleared
38.7715 	EXP 	fixation: autoDraw = False
38.7715 	EXP 	grating: autoDraw = True
39.0716 	EXP 	grating: autoDraw = False
39.3153 	EXP 	New trial (rep=24, index=0): None
39.3183 	DATA 	Keypress: up
39.3368 	EXP 	fixation: autoDraw = False
39.3368 	EXP 	grating: autoDraw = False
39.3368 	EXP 	grating: ori = 4.0
39.3368 	EXP 	fixation: autoDraw = True
40.3218 	INFO 	Keyboard events cleared
40.3213 	EXP 	grating: autoDraw = True
40.3382 	EXP 	fixation: autoDraw = False
40.6217 	EXP 	grating: autoDraw = False
40.8969 	EXP 	New trial (rep=25, index=0): None
40.8992 	DATA 	Keypress: down
40.9042 	EXP 	fixation: autoDraw = False
40.9042 	EXP 	grating: autoDraw = False
40.9042 	EXP 	grating: ori = -2.0
40.9042 	EXP 	fixation: autoDraw = True
41.9049 	INFO 	Keyboard events cleared
41.9043 	EXP 	fixation: autoDraw = False
41.9043 	EXP 	grating: autoDraw = True
42.2204 	EXP 	grating: autoDraw = False
43.0609 	EXP 	New trial (rep=26, index=0): None
43.0627 	DATA 	Keypress: up
43.0694 	EXP 	fixation: autoDraw = False
43.0694 	EXP 	grating: autoDraw = False
43.0694 	EXP 	grating: ori = 0.0
43.0694 	EXP 	fixation: autoDraw = True
44.0702 	INFO 	Keyboard events cleared
44.0697 	EXP 	fixation: autoDraw = False
44.0697 	EXP 	grating: autoDraw = True
44.3700 	EXP 	grating: autoDraw = False
44.5298 	EXP 	New trial (rep=27, index=0): None
44.5319 	DATA 	Keypress: up
44.5359 	EXP 	fixation: autoDraw = False
44.5359 	EXP 	grating: autoDraw = False
44.5359 	EXP 	grating: ori = 4.0
44.5359 	EXP 	fixation: autoDraw = True
45.5368 	INFO 	Keyboard events cleared
45.5363 	EXP 	fixation: autoDraw = False
45.5363 	EXP 	grating: autoDraw = True
45.8364 	EXP 	grating: autoDraw = False
46.3126 	EXP 	New trial (rep=28, index=0): None
46.3151 	DATA 	Keypress: down
46.3194 	EXP 	fixation: autoDraw = False
46.3194 	EXP 	grating: autoDraw = False
46.3194 	EXP 	grating: ori = -5.0
46.3194 	EXP 	fixation: autoDraw = True
47.3192 	INFO 	Keyboard events cleared
47.3188 	EXP 	fixation: autoDraw = False
47.3188 	EXP 	grating: autoDraw = True
47.6347 	EXP 	grating: autoDraw = False
48.0399 	EXP 	New trial (rep=29, index=0): None
48.0414 	DATA 	Keypress: down
48.0513 	EXP 	fixation: autoDraw = False
48.0513 	EXP 	grating: autoDraw = False
48.0513 	EXP 	grating: ori = -5.0
48.0513 	EXP 	fixation: autoDraw = True
49.0525 	INFO 	Keyboard events cleared
49.0519 	EXP 	fixation: autoDraw = False
49.0519 	EXP 	grating: autoDraw = True
49.3517 	EXP 	grating: autoDraw = False
49.7446 	EXP 	New trial (rep=30, index=0): None
49.7475 	DATA 	Keypress: down
49.7514 	EXP 	fixation: autoDraw = False
49.7514 	EXP 	grating: autoDraw = False
49.7514 	EXP 	grating: ori = -3.0
49.7514 	EXP 	fixation: autoDraw = True
50.7517 	INFO 	Keyboard events cleared
50.7512 	EXP 	fixation: autoDraw = False
50.7512 	EXP 	grating: autoDraw = True
51.0513 	EXP 	grating: autoDraw = False
51.7267 	EXP 	New trial (rep=31, index=0): None
51.7296 	DATA 	Keypress: down
51.7343 	EXP 	fixation: autoDraw = False
51.7343 	EXP 	grating: autoDraw = False
51.7343 	EXP 	grating: ori = 0.0
51.7343 	EXP 	fixation: autoDraw = True
52.7340 	INFO 	Keyboard events cleared
52.7334 	EXP 	grating: autoDraw = True
52.7504 	EXP 	fixation: autoDraw = False
53.0338 	EXP 	grating: autoDraw = False
53.2943 	EXP 	New trial (rep=32, index=0): None
53.2972 	DATA 	Keypress: up
53.3156 	EXP 	fixation: autoDraw = False
53.3156 	EXP 	grating: autoDraw = False
53.3156 	EXP 	grating: ori = 1.0
53.3156 	EXP 	fixation: autoDraw = True
54.3006 	INFO 	Keyboard events cleared
54.3000 	EXP 	grating: autoDraw = True
54.3163 	EXP 	fixation: autoDraw = False
54.6001 	EXP 	grating: autoDraw = False
56.5919 	EXP 	New trial (rep=33, index=0): None
56.5947 	DATA 	Keypress: up
56.5993 	EXP 	fixation: autoDraw = False
56.5993 	EXP 	grating: autoDraw = False
56.5993 	EXP 	grating: ori = 3.0
56.5993 	EXP 	fixation: autoDraw = True
57.5997 	INFO 	Keyboard events cleared
57.5989 	EXP 	fixation: autoDraw = False
57.5989 	EXP 	grating: autoDraw = True
57.8989 	EXP 	grating: autoDraw = False
58.5241 	EXP 	New trial (rep=34, index=0): None
58.5259 	DATA 	Keypress: down
58.5313 	EXP 	fixation: autoDraw = False
58.5313 	EXP 	grating: autoDraw = False
58.5313 	EXP 	grating: ori = 0.0
58.5313 	EXP 	fixation: autoDraw = True
59.5319 	INFO 	Keyboard events cleared
59.5314 	EXP 	fixation: autoDraw = False
59.5314 	EXP 	grating: autoDraw = True
59.8319 	EXP 	grating: autoDraw = False
60.1902 	DATA 	Keypress: up
60.2064 	EXP 	New trial (rep=35, index=0): None
60.2134 	EXP 	fixation: autoDraw = False
60.2134 	EXP 	grating: autoDraw = False
60.2134 	EXP 	grating: ori = 0.0
60.2134 	EXP 	fixation: autoDraw = True
61.2153 	INFO 	Keyboard events cleared
61.2147 	EXP 	fixation: autoDraw = False
61.2147 	EXP 	grating: autoDraw = True
61.5143 	EXP 	grating: autoDraw = False
62.1563 	EXP 	New trial (rep=36, index=0): None
62.1585 	DATA 	Keypress: up
62.1639 	EXP 	fixation: autoDraw = False
62.1639 	EXP 	grating: autoDraw = False
62.1639 	EXP 	grating: ori = 0.0
62.1639 	EXP 	fixation: autoDraw = True
63.1643 	INFO 	Keyboard events cleared
63.1635 	EXP 	fixation: autoDraw = False
63.1635 	EXP 	grating: autoDraw = True
63.4631 	EXP 	grating: autoDraw = False
64.4043 	EXP 	New trial (rep=37, index=0): None
64.4062 	DATA 	Keypress: up
64.4128 	EXP 	fixation: autoDraw = False
64.4128 	EXP 	grating: autoDraw = False
64.4128 	EXP 	grating: ori = 4.0
64.4128 	EXP 	fixation: autoDraw = True
65.4133 	INFO 	Keyboard events cleared
65.4129 	EXP 	fixation: autoDraw = False
65.4129 	EXP 	grating: autoDraw = True
65.7126 	EXP 	grating: autoDraw = False
66.2709 	EXP 	New trial (rep=38, index=0): None
66.2734 	DATA 	Keypress: down
66.2789 	EXP 	fixation: autoDraw = False
66.2789 	EXP 	grating: autoDraw = False
66.2789 	EXP 	grating: ori = 2.0
66.2789 	EXP 	fixation: autoDraw = True
67.2796 	INFO 	Keyboard events cleared
67.2789 	EXP 	fixation: autoDraw = False
67.2789 	EXP 	grating: autoDraw = True
67.5785 	EXP 	grating: autoDraw = False
67.9359 	EXP 	New trial (rep=39, index=0): None
67.9379 	DATA 	Keypress: up
67.9444 	EXP 	fixation: autoDraw = False
67.9444 	EXP 	grating: autoDraw = False
67.9444 	EXP 	grating: ori = 0.0
67.9444 	EXP 	fixation: autoDraw = True
68.9455 	INFO 	Keyboard events cleared
68.9450 	EXP 	fixation: autoDraw = False
68.9450 	EXP 	grating: autoDraw = True
69.2445 	EXP 	grating: autoDraw = False
69.5038 	EXP 	New trial (rep=40, index=0): None
69.5068 	DATA 	Keypress: up
69.5112 	EXP 	fixation: autoDraw = False
69.5112 	EXP 	grating: autoDraw = False
69.5112 	EXP 	grating: ori = 0.0
69.5112 	EXP 	fixation: autoDraw = True
70.5117 	INFO 	Keyboard events cleared
70.5110 	EXP 	fixation: autoDraw = False
70.5110 	EXP 	grating: autoDraw = True
70.8108 	EXP 	grating: autoDraw = False
71.1218 	EXP 	New trial (rep=41, index=0): None
71.1244 	DATA 	Keypress: up
71.1428 	EXP 	fixation: autoDraw = False
71.1428 	EXP 	grating: autoDraw = False
71.1428 	EXP 	grating: ori = 1.0
71.1428 	EXP 	fixation: autoDraw = True
72.1274 	INFO 	Keyboard events cleared
72.1269 	EXP 	grating: autoDraw = True
72.1431 	EXP 	fixation: autoDraw = False
72.4271 	EXP 	grating: autoDraw = False
72.8511 	EXP 	New trial (rep=42, index=0): None
72.8530 	DATA 	Keypress: up
72.8596 	EXP 	fixation: autoDraw = False
72.8596 	EXP 	grating: autoDraw = False
72.8596 	EXP 	grating: ori = -4.0
72.8596 	EXP 	fixation: autoDraw = True
73.8598 	INFO 	Keyboard events cleared
73.8594 	EXP 	fixation: autoDraw = False
73.8594 	EXP 	grating: autoDraw = True
74.1604 	EXP 	grating: autoDraw = False
74.7030 	EXP 	New trial (rep=43, index=0): None
74.7054 	DATA 	Keypress: down
74.7094 	EXP 	fixation: autoDraw = False
74.7094 	EXP 	grating: autoDraw = False
74.7094 	EXP 	grating: ori = 0.0
74.7094 	EXP 	fixation: autoDraw = True
75.7097 	INFO 	Keyboard events cleared
75.7090 	EXP 	fixation: autoDraw = False
75.7090 	EXP 	grating: autoDraw = True
76.0094 	EXP 	grating: autoDraw = False
76.4525 	EXP 	New trial (rep=44, index=0): None
76.4555 	DATA 	Keypress: up
76.4745 	EXP 	fixation: autoDraw = False
76.4745 	EXP 	grating: autoDraw = False
76.4745 	EXP 	grating: ori = 0.0
76.4745 	EXP 	fixation: autoDraw = True
77.4597 	INFO 	Keyboard events cleared
77.4592 	EXP 	grating: autoDraw = True
77.4754 	EXP 	fixation: autoDraw = False
77.7583 	EXP 	grating: autoDraw = False
78.5031 	EXP 	New trial (rep=45, index=0): None
78.5055 	DATA 	Keypress: up
78.5240 	EXP 	fixation: autoDraw = False
78.5240 	EXP 	grating: autoDraw = False
78.5240 	EXP 	grating: ori = 2.0
78.5240 	EXP 	fixation: autoDraw = True
79.5082 	INFO 	Keyboard events cleared
79.5077 	EXP 	grating: autoDraw = True
79.5242 	EXP 	fixation: autoDraw = False
79.8078 	EXP 	grating: autoDraw = False
95.3792 	EXP 	New trial (rep=46, index=0): None
95.3820 	DATA 	Keypress: up
95.3858 	EXP 	fixation: autoDraw = False
95.3858 	EXP 	grating: autoDraw = False
95.3858 	EXP 	grating: ori = 0.0
95.3858 	EXP 	fixation: autoDraw = True
96.3862 	INFO 	Keyboard events cleared
96.3857 	EXP 	fixation: autoDraw = False
96.3857 	EXP 	grating: autoDraw = True
96.6854 	EXP 	grating: autoDraw = False
96.9271 	EXP 	New trial (rep=47, index=0): None
96.9289 	DATA 	Keypress: up
96.9346 	EXP 	fixation: autoDraw = False
96.9346 	EXP 	grating: autoDraw = False
96.9346 	EXP 	grating: ori = 0.0
96.9346 	EXP 	fixation: autoDraw = True
97.9349 	INFO 	Keyboard events cleared
97.9344 	EXP 	fixation: autoDraw = False
97.9344 	EXP 	grating: autoDraw = True
98.2348 	EXP 	grating: autoDraw = False
98.3625 	EXP 	New trial (rep=48, index=0): None
98.3659 	DATA 	Keypress: up
98.3838 	EXP 	fixation: autoDraw = False
98.3838 	EXP 	grating: autoDraw = False
98.3838 	EXP 	grating: ori = 2.0
98.3838 	EXP 	fixation: autoDraw = True
99.3681 	INFO 	Keyboard events cleared
99.3676 	EXP 	grating: autoDraw = True
99.3843 	EXP 	fixation: autoDraw = False
99.6677 	EXP 	grating: autoDraw = False
100.1770 	EXP 	New trial (rep=49, index=0): None
100.1793 	DATA 	Keypress: down
100.1837 	EXP 	fixation: autoDraw = False
100.1837 	EXP 	grating: autoDraw = False
100.1837 	EXP 	grating: ori = -5.0
100.1837 	EXP 	fixation: autoDraw = True
101.1838 	INFO 	Keyboard events cleared
101.1833 	EXP 	fixation: autoDraw = False
101.1833 	EXP 	grating: autoDraw = True
101.4837 	EXP 	grating: autoDraw = False
101.8276 	EXP 	New trial (rep=50, index=0): None
101.8304 	DATA 	Keypress: down
101.8493 	EXP 	fixation: autoDraw = False
101.8493 	EXP 	grating: autoDraw = False
101.8493 	EXP 	grating: ori = 0.0
101.8493 	EXP 	fixation: autoDraw = True
102.8336 	INFO 	Keyboard events cleared
102.8330 	EXP 	grating: autoDraw = True
102.8498 	EXP 	fixation: autoDraw = False
103.1329 	EXP 	grating: autoDraw = False
103.3093 	EXP 	New trial (rep=51, index=0): None
103.3120 	DATA 	Keypress: up
103.3163 	EXP 	fixation: autoDraw = False
103.3163 	EXP 	grating: autoDraw = False
103.3163 	EXP 	grating: ori = 1.0
103.3163 	EXP 	fixation: autoDraw = True
104.3171 	INFO 	Keyboard events cleared
104.3163 	EXP 	fixation: autoDraw = False
104.3163 	EXP 	grating: autoDraw = True
104.6161 	EXP 	grating: autoDraw = False
104.9271 	EXP 	New trial (rep=52, index=0): None
104.9310 	DATA 	Keypress: up
104.9477 	EXP 	fixation: autoDraw = False
104.9477 	EXP 	grating: autoDraw = False
104.9477 	EXP 	grating: ori = 1.0
104.9477 	EXP 	fixation: autoDraw = True
105.9324 	INFO 	Keyboard events cleared
105.9320 	EXP 	grating: autoDraw = True
105.9491 	EXP 	fixation: autoDraw = False
106.2317 	EXP 	grating: autoDraw = False
106.4424 	EXP 	New trial (rep=53, index=0): None
106.4452 	DATA 	Keypress: up
106.4643 	EXP 	fixation: autoDraw = False
106.4643 	EXP 	grating: autoDraw = False
106.4643 	EXP 	grating: ori = 0.0
106.4643 	EXP 	fixation: autoDraw = True
107.4488 	INFO 	Keyboard events cleared
107.4482 	EXP 	grating: autoDraw = True
107.4654 	EXP 	fixation: autoDraw = False
107.7481 	EXP 	grating: autoDraw = False
107.8571 	EXP 	New trial (rep=54, index=0): None
107.8600 	DATA 	Keypress: up
107.8648 	EXP 	fixation: autoDraw = False
107.8648 	EXP 	grating: autoDraw = False
107.8648 	EXP 	grating: ori = -5.0
107.8648 	EXP 	fixation: autoDraw = True
108.8648 	INFO 	Keyboard events cleared
108.8643 	EXP 	fixation: autoDraw = False
108.8643 	EXP 	grating: autoDraw = True
109.1640 	EXP 	grating: autoDraw = False
109.4558 	EXP 	New trial (rep=55, index=0): None
109.4581 	DATA 	Keypress: down
109.4636 	EXP 	fixation: autoDraw = False
109.4636 	EXP 	grating: autoDraw = False
109.4636 	EXP 	grating: ori = 0.0
109.4636 	EXP 	fixation: autoDraw = True
110.4648 	INFO 	Keyboard events cleared
110.4640 	EXP 	fixation: autoDraw = False
110.4640 	EXP 	grating: autoDraw = True
110.7637 	EXP 	grating: autoDraw = False
111.0576 	EXP 	New trial (rep=56, index=0): None
111.0604 	DATA 	Keypress: up
111.0793 	EXP 	fixation: autoDraw = False
111.0793 	EXP 	grating: autoDraw = False
111.0793 	EXP 	grating: ori = 3.0
111.0793 	EXP 	fixation: autoDraw = True
112.0640 	INFO 	Keyboard events cleared
112.0635 	EXP 	grating: autoDraw = True
112.0799 	EXP 	fixation: autoDraw = False
112.3635 	EXP 	grating: autoDraw = False
112.7906 	EXP 	New trial (rep=57, index=0): None
112.7931 	DATA 	Keypress: down
112.8121 	EXP 	fixation: autoDraw = False
112.8121 	EXP 	grating: autoDraw = False
112.8121 	EXP 	grating: ori = 1.0
112.8121 	EXP 	fixation: autoDraw = True
113.7965 	INFO 	Keyboard events cleared
113.7960 	EXP 	grating: autoDraw = True
113.8133 	EXP 	fixation: autoDraw = False
114.0959 	EXP 	grating: autoDraw = False
114.7229 	EXP 	New trial (rep=58, index=0): None
114.7255 	DATA 	Keypress: down
114.7286 	EXP 	fixation: autoDraw = False
114.7286 	EXP 	grating: autoDraw = False
114.7286 	EXP 	grating: ori = 0.0
114.7286 	EXP 	fixation: autoDraw = True
115.7291 	INFO 	Keyboard events cleared
115.7287 	EXP 	fixation: autoDraw = False
115.7287 	EXP 	grating: autoDraw = True
116.0285 	EXP 	grating: autoDraw = False
116.2364 	EXP 	New trial (rep=59, index=0): None
116.2381 	DATA 	Keypress: up
116.2449 	EXP 	fixation: autoDraw = False
116.2449 	EXP 	grating: autoDraw = False
116.2449 	EXP 	grating: ori = 3.0
116.2449 	EXP 	fixation: autoDraw = True
117.2457 	INFO 	Keyboard events cleared
117.2450 	EXP 	fixation: autoDraw = False
117.2450 	EXP 	grating: autoDraw = True
117.5454 	EXP 	grating: autoDraw = False
117.8549 	EXP 	New trial (rep=60, index=0): None
117.8571 	DATA 	Keypress: down
117.8608 	EXP 	fixation: autoDraw = False
117.8608 	EXP 	grating: autoDraw = False
117.8608 	EXP 	grating: ori = 4.0
117.8608 	EXP 	fixation: autoDraw = True
118.8616 	INFO 	Keyboard events cleared
118.8611 	EXP 	fixation: autoDraw = False
118.8611 	EXP 	grating: autoDraw = True
119.1613 	EXP 	grating: autoDraw = False
119.4537 	EXP 	New trial (rep=61, index=0): None
119.4564 	DATA 	Keypress: down
119.4609 	EXP 	fixation: autoDraw = False
119.4609 	EXP 	grating: autoDraw = False
119.4609 	EXP 	grating: ori = 1.0
119.4609 	EXP 	fixation: autoDraw = True
120.4609 	INFO 	Keyboard events cleared
120.4604 	EXP 	fixation: autoDraw = False
120.4604 	EXP 	grating: autoDraw = True
120.7606 	EXP 	grating: autoDraw = False
121.0531 	EXP 	New trial (rep=62, index=0): None
121.0553 	DATA 	Keypress: down
121.0597 	EXP 	fixation: autoDraw = False
121.0597 	EXP 	grating: autoDraw = False
121.0597 	EXP 	grating: ori = 0.0
121.0597 	EXP 	fixation: autoDraw = True
122.0605 	INFO 	Keyboard events cleared
122.0600 	EXP 	fixation: autoDraw = False
122.0600 	EXP 	grating: autoDraw = True
122.3759 	EXP 	grating: autoDraw = False
122.6181 	EXP 	New trial (rep=63, index=0): None
122.6205 	DATA 	Keypress: up
122.6259 	EXP 	fixation: autoDraw = False
122.6259 	EXP 	grating: autoDraw = False
122.6259 	EXP 	grating: ori = 0.0
122.6259 	EXP 	fixation: autoDraw = True
123.6270 	INFO 	Keyboard events cleared
123.6262 	EXP 	fixation: autoDraw = False
123.6262 	EXP 	grating: autoDraw = True
123.9265 	EXP 	grating: autoDraw = False
124.1704 	EXP 	New trial (rep=64, index=0): None
124.1730 	DATA 	Keypress: up
124.1913 	EXP 	fixation: autoDraw = False
124.1913 	EXP 	grating: autoDraw = False
124.1913 	EXP 	grating: ori = -5.0
124.1913 	EXP 	fixation: autoDraw = True
125.1755 	INFO 	Keyboard events cleared
125.1750 	EXP 	grating: autoDraw = True
125.1925 	EXP 	fixation: autoDraw = False
125.4760 	EXP 	grating: autoDraw = False
125.8347 	EXP 	New trial (rep=65, index=0): None
125.8374 	DATA 	Keypress: down
125.8422 	EXP 	fixation: autoDraw = False
125.8422 	EXP 	grating: autoDraw = False
125.8422 	EXP 	grating: ori = 0.0
125.8422 	EXP 	fixation: autoDraw = True
126.8418 	INFO 	Keyboard events cleared
126.8413 	EXP 	fixation: autoDraw = False
126.8413 	EXP 	grating: autoDraw = True
127.1412 	EXP 	grating: autoDraw = False
127.7674 	EXP 	New trial (rep=66, index=0): None
127.7703 	DATA 	Keypress: up
127.7747 	EXP 	fixation: autoDraw = False
127.7747 	EXP 	grating: autoDraw = False
127.7747 	EXP 	grating: ori = 1.0
127.7747 	EXP 	fixation: autoDraw = True
128.7740 	INFO 	Keyboard events cleared
128.7736 	EXP 	fixation: autoDraw = False
128.7736 	EXP 	grating: autoDraw = True
129.0751 	EXP 	grating: autoDraw = False
129.5515 	EXP 	New trial (rep=67, index=0): None
129.5540 	DATA 	Keypress: down
129.5727 	EXP 	fixation: autoDraw = False
129.5727 	EXP 	grating: autoDraw = False
129.5727 	EXP 	grating: ori = 0.0
129.5727 	EXP 	fixation: autoDraw = True
130.5582 	INFO 	Keyboard events cleared
130.5576 	EXP 	grating: autoDraw = True
130.5738 	EXP 	fixation: autoDraw = False
130.8739 	EXP 	grating: autoDraw = False
131.0851 	EXP 	New trial (rep=68, index=0): None
131.0878 	DATA 	Keypress: up
131.1058 	EXP 	fixation: autoDraw = False
131.1058 	EXP 	grating: autoDraw = False
131.1058 	EXP 	grating: ori = -2.0
131.1058 	EXP 	fixation: autoDraw = True
132.0912 	INFO 	Keyboard events cleared
132.0906 	EXP 	grating: autoDraw = True
132.1067 	EXP 	fixation: autoDraw = False
132.4068 	EXP 	grating: autoDraw = False
132.5013 	EXP 	New trial (rep=69, index=0): None
132.5047 	DATA 	Keypress: up
132.5218 	EXP 	fixation: autoDraw = False
132.5218 	EXP 	grating: autoDraw = False
132.5218 	EXP 	grating: ori = 0.0
132.5218 	EXP 	fixation: autoDraw = True
133.5082 	INFO 	Keyboard events cleared
133.5074 	EXP 	grating: autoDraw = True
133.5233 	EXP 	fixation: autoDraw = False
133.8228 	EXP 	grating: autoDraw = False
134.3136 	EXP 	New trial (rep=70, index=0): None
134.3153 	DATA 	Keypress: up
134.3218 	EXP 	fixation: autoDraw = False
134.3218 	EXP 	grating: autoDraw = False
134.3218 	EXP 	grating: ori = -2.0
134.3218 	EXP 	fixation: autoDraw = True
135.3221 	INFO 	Keyboard events cleared
135.3217 	EXP 	fixation: autoDraw = False
135.3217 	EXP 	grating: autoDraw = True
135.6222 	EXP 	grating: autoDraw = False
136.0985 	EXP 	New trial (rep=71, index=0): None
136.1007 	DATA 	Keypress: down
136.1049 	EXP 	fixation: autoDraw = False
136.1049 	EXP 	grating: autoDraw = False
136.1049 	EXP 	grating: ori = 0.0
136.1049 	EXP 	fixation: autoDraw = True
137.1051 	INFO 	Keyboard events cleared
137.1046 	EXP 	fixation: autoDraw = False
137.1046 	EXP 	grating: autoDraw = True
137.4050 	EXP 	grating: autoDraw = False
137.7622 	EXP 	New trial (rep=72, index=0): None
137.7647 	DATA 	Keypress: up
137.7709 	EXP 	fixation: autoDraw = False
137.7709 	EXP 	grating: autoDraw = False
137.7709 	EXP 	grating: ori = 1.0
137.7709 	EXP 	fixation: autoDraw = True
138.7711 	INFO 	Keyboard events cleared
138.7707 	EXP 	fixation: autoDraw = False
138.7707 	EXP 	grating: autoDraw = True
139.0709 	EXP 	grating: autoDraw = False
139.4973 	EXP 	New trial (rep=73, index=0): None
139.5003 	DATA 	Keypress: up
139.5195 	EXP 	fixation: autoDraw = False
139.5195 	EXP 	grating: autoDraw = False
139.5195 	EXP 	grating: ori = -3.0
139.5195 	EXP 	fixation: autoDraw = True
140.5043 	INFO 	Keyboard events cleared
140.5037 	EXP 	grating: autoDraw = True
140.5205 	EXP 	fixation: autoDraw = False
140.8034 	EXP 	grating: autoDraw = False
141.4125 	EXP 	New trial (rep=74, index=0): None
141.4151 	DATA 	Keypress: down
141.4201 	EXP 	fixation: autoDraw = False
141.4201 	EXP 	grating: autoDraw = False
141.4201 	EXP 	grating: ori = 0.0
141.4201 	EXP 	fixation: autoDraw = True
142.4207 	INFO 	Keyboard events cleared
142.4199 	EXP 	fixation: autoDraw = False
142.4199 	EXP 	grating: autoDraw = True
142.7195 	EXP 	grating: autoDraw = False
143.0512 	EXP 	New trial (rep=75, index=0): None
143.0546 	DATA 	Keypress: up
143.0680 	EXP 	fixation: autoDraw = False
143.0680 	EXP 	grating: autoDraw = False
143.0680 	EXP 	grating: ori = 2.0
143.0680 	EXP 	fixation: autoDraw = True
144.0529 	INFO 	Keyboard events cleared
144.0523 	EXP 	grating: autoDraw = True
144.0689 	EXP 	fixation: autoDraw = False
144.3514 	EXP 	grating: autoDraw = False
144.6941 	DATA 	Keypress: down
144.7118 	EXP 	New trial (rep=76, index=0): None
144.7188 	EXP 	fixation: autoDraw = False
144.7188 	EXP 	grating: autoDraw = False
144.7188 	EXP 	grating: ori = 0.0
144.7188 	EXP 	fixation: autoDraw = True
145.7190 	INFO 	Keyboard events cleared
145.7184 	EXP 	fixation: autoDraw = False
145.7184 	EXP 	grating: autoDraw = True
146.0185 	EXP 	grating: autoDraw = False
146.3280 	EXP 	New trial (rep=77, index=0): None
146.3300 	DATA 	Keypress: up
146.3342 	EXP 	fixation: autoDraw = False
146.3342 	EXP 	grating: autoDraw = False
146.3342 	EXP 	grating: ori = 1.0
146.3342 	EXP 	fixation: autoDraw = True
147.3358 	INFO 	Keyboard events cleared
147.3353 	EXP 	fixation: autoDraw = False
147.3353 	EXP 	grating: autoDraw = True
147.6346 	EXP 	grating: autoDraw = False
148.2770 	EXP 	New trial (rep=78, index=0): None
148.2792 	DATA 	Keypress: down
148.2838 	EXP 	fixation: autoDraw = False
148.2838 	EXP 	grating: autoDraw = False
148.2838 	EXP 	grating: ori = 4.0
148.2838 	EXP 	fixation: autoDraw = True
149.2846 	INFO 	Keyboard events cleared
149.2841 	EXP 	fixation: autoDraw = False
149.2841 	EXP 	grating: autoDraw = True
149.5839 	EXP 	grating: autoDraw = False
149.9745 	EXP 	New trial (rep=79, index=0): None
149.9769 	DATA 	Keypress: down
149.9834 	EXP 	fixation: autoDraw = False
149.9834 	EXP 	grating: autoDraw = False
149.9834 	EXP 	grating: ori = 0.0
149.9834 	EXP 	fixation: autoDraw = True
150.9836 	INFO 	Keyboard events cleared
150.9831 	EXP 	fixation: autoDraw = False
150.9831 	EXP 	grating: autoDraw = True
151.2834 	EXP 	grating: autoDraw = False
151.4772 	EXP 	New trial (rep=80, index=0): None
151.4801 	DATA 	Keypress: up
151.4994 	EXP 	fixation: autoDraw = False
151.4994 	EXP 	grating: autoDraw = False
151.4994 	EXP 	grating: ori = -2.0
151.4994 	EXP 	fixation: autoDraw = True
152.4833 	INFO 	Keyboard events cleared
152.4828 	EXP 	grating: autoDraw = True
152.4999 	EXP 	fixation: autoDraw = False
152.7827 	EXP 	grating: autoDraw = False
152.9920 	EXP 	New trial (rep=81, index=0): None
152.9940 	DATA 	Keypress: up
152.9989 	EXP 	fixation: autoDraw = False
152.9989 	EXP 	grating: autoDraw = False
152.9989 	EXP 	grating: ori = -3.0
152.9989 	EXP 	fixation: autoDraw = True
153.9997 	INFO 	Keyboard events cleared
153.9992 	EXP 	fixation: autoDraw = False
153.9992 	EXP 	grating: autoDraw = True
154.2991 	EXP 	grating: autoDraw = False
154.7418 	EXP 	New trial (rep=82, index=0): None
154.7446 	DATA 	Keypress: down
154.7487 	EXP 	fixation: autoDraw = False
154.7487 	EXP 	grating: autoDraw = False
154.7487 	EXP 	grating: ori = 4.0
154.7487 	EXP 	fixation: autoDraw = True
155.7489 	INFO 	Keyboard events cleared
155.7484 	EXP 	fixation: autoDraw = False
155.7484 	EXP 	grating: autoDraw = True
156.0481 	EXP 	grating: autoDraw = False
156.4928 	EXP 	New trial (rep=83, index=0): None
156.4956 	DATA 	Keypress: down
156.5136 	EXP 	fixation: autoDraw = False
156.5136 	EXP 	grating: autoDraw = False
156.5136 	EXP 	grating: ori = 0.0
156.5136 	EXP 	fixation: autoDraw = True
157.4984 	INFO 	Keyboard events cleared
157.4978 	EXP 	grating: autoDraw = True
157.5148 	EXP 	fixation: autoDraw = False
157.7978 	EXP 	grating: autoDraw = False
158.4233 	EXP 	New trial (rep=84, index=0): None
158.4261 	DATA 	Keypress: down
158.4311 	EXP 	fixation: autoDraw = False
158.4311 	EXP 	grating: autoDraw = False
158.4311 	EXP 	grating: ori = 0.0
158.4311 	EXP 	fixation: autoDraw = True
159.4314 	INFO 	Keyboard events cleared
159.4305 	EXP 	fixation: autoDraw = False
159.4305 	EXP 	grating: autoDraw = True
159.7304 	EXP 	grating: autoDraw = False
160.6563 	EXP 	New trial (rep=85, index=0): None
160.6590 	DATA 	Keypress: up
160.6635 	EXP 	fixation: autoDraw = False
160.6635 	EXP 	grating: autoDraw = False
160.6635 	EXP 	grating: ori = 3.0
160.6635 	EXP 	fixation: autoDraw = True
161.6637 	INFO 	Keyboard events cleared
161.6632 	EXP 	fixation: autoDraw = False
161.6632 	EXP 	grating: autoDraw = True
161.9630 	EXP 	grating: autoDraw = False
162.3369 	EXP 	New trial (rep=86, index=0): None
162.3389 	DATA 	Keypress: down
162.3456 	EXP 	fixation: autoDraw = False
162.3456 	EXP 	grating: autoDraw = False
162.3456 	EXP 	grating: ori = -3.0
162.3456 	EXP 	fixation: autoDraw = True
163.3463 	INFO 	Keyboard events cleared
163.3457 	EXP 	fixation: autoDraw = False
163.3457 	EXP 	grating: autoDraw = True
163.6454 	EXP 	grating: autoDraw = False
164.2885 	EXP 	New trial (rep=87, index=0): None
164.2913 	DATA 	Keypress: down
164.2954 	EXP 	fixation: autoDraw = False
164.2954 	EXP 	grating: autoDraw = False
164.2954 	EXP 	grating: ori = 3.0
164.2954 	EXP 	fixation: autoDraw = True
165.2951 	INFO 	Keyboard events cleared
165.2945 	EXP 	fixation: autoDraw = False
165.2945 	EXP 	grating: autoDraw = True
165.5954 	EXP 	grating: autoDraw = False
166.0392 	EXP 	New trial (rep=88, index=0): None
166.0423 	DATA 	Keypress: down
166.0604 	EXP 	fixation: autoDraw = False
166.0604 	EXP 	grating: autoDraw = False
166.0604 	EXP 	grating: ori = 0.0
166.0604 	EXP 	fixation: autoDraw = True
167.0453 	INFO 	Keyboard events cleared
167.0447 	EXP 	grating: autoDraw = True
167.0616 	EXP 	fixation: autoDraw = False
167.3445 	EXP 	grating: autoDraw = False
167.7378 	EXP 	New trial (rep=89, index=0): None
167.7403 	DATA 	Keypress: down
167.7440 	EXP 	fixation: autoDraw = False
167.7440 	EXP 	grating: autoDraw = False
167.7440 	EXP 	grating: ori = 4.0
167.7440 	EXP 	fixation: autoDraw = True
168.7445 	INFO 	Keyboard events cleared
168.7439 	EXP 	fixation: autoDraw = False
168.7439 	EXP 	grating: autoDraw = True
169.0440 	EXP 	grating: autoDraw = False
169.5885 	EXP 	New trial (rep=90, index=0): None
169.5910 	DATA 	Keypress: up
169.6089 	EXP 	fixation: autoDraw = False
169.6089 	EXP 	grating: autoDraw = False
169.6089 	EXP 	grating: ori = -3.0
169.6089 	EXP 	fixation: autoDraw = True
170.5940 	INFO 	Keyboard events cleared
170.5935 	EXP 	grating: autoDraw = True
170.6098 	EXP 	fixation: autoDraw = False
170.8934 	EXP 	grating: autoDraw = False
171.3186 	EXP 	New trial (rep=91, index=0): None
171.3217 	DATA 	Keypress: down
171.3265 	EXP 	fixation: autoDraw = False
171.3265 	EXP 	grating: autoDraw = False
171.3265 	EXP 	grating: ori = 1.0
171.3265 	EXP 	fixation: autoDraw = True
172.3267 	INFO 	Keyboard events cleared
172.3260 	EXP 	fixation: autoDraw = False
172.3260 	EXP 	grating: autoDraw = True
172.6251 	EXP 	grating: autoDraw = False
172.9687 	EXP 	New trial (rep=92, index=0): None
172.9719 	DATA 	Keypress: up
172.9756 	EXP 	fixation: autoDraw = False
172.9756 	EXP 	grating: autoDraw = False
172.9756 	EXP 	grating: ori = -4.0
172.9756 	EXP 	fixation: autoDraw = True
173.9765 	INFO 	Keyboard events cleared
173.9759 	EXP 	fixation: autoDraw = False
173.9759 	EXP 	grating: autoDraw = True
174.2757 	EXP 	grating: autoDraw = False
174.5866 	EXP 	New trial (rep=93, index=0): None
174.5893 	DATA 	Keypress: down
174.6073 	EXP 	fixation: autoDraw = False
174.6073 	EXP 	grating: autoDraw = False
174.6073 	EXP 	grating: ori = -2.0
174.6073 	EXP 	fixation: autoDraw = True
175.5921 	INFO 	Keyboard events cleared
175.5916 	EXP 	grating: autoDraw = True
175.6087 	EXP 	fixation: autoDraw = False
175.8914 	EXP 	grating: autoDraw = False
176.3678 	EXP 	New trial (rep=94, index=0): None
176.3708 	DATA 	Keypress: down
176.3746 	EXP 	fixation: autoDraw = False
176.3746 	EXP 	grating: autoDraw = False
176.3746 	EXP 	grating: ori = 0.0
176.3746 	EXP 	fixation: autoDraw = True
177.3752 	INFO 	Keyboard events cleared
177.3744 	EXP 	fixation: autoDraw = False
177.3744 	EXP 	grating: autoDraw = True
177.6745 	EXP 	grating: autoDraw = False
177.9989 	EXP 	New trial (rep=95, index=0): None
178.0013 	DATA 	Keypress: up
178.0071 	EXP 	fixation: autoDraw = False
178.0071 	EXP 	grating: autoDraw = False
178.0071 	EXP 	grating: ori = 0.0
178.0071 	EXP 	fixation: autoDraw = True
179.0071 	INFO 	Keyboard events cleared
179.0068 	EXP 	fixation: autoDraw = False
179.0068 	EXP 	grating: autoDraw = True
179.3064 	EXP 	grating: autoDraw = False
179.5852 	EXP 	New trial (rep=96, index=0): None
179.5884 	DATA 	Keypress: up
179.6054 	EXP 	fixation: autoDraw = False
179.6054 	EXP 	grating: autoDraw = False
179.6054 	EXP 	grating: ori = 2.0
179.6054 	EXP 	fixation: autoDraw = True
180.5896 	INFO 	Keyboard events cleared
180.5892 	EXP 	grating: autoDraw = True
180.6057 	EXP 	fixation: autoDraw = False
180.8896 	EXP 	grating: autoDraw = False
181.2823 	EXP 	New trial (rep=97, index=0): None
181.2849 	DATA 	Keypress: up
181.2898 	EXP 	fixation: autoDraw = False
181.2898 	EXP 	grating: autoDraw = False
181.2898 	EXP 	grating: ori = -3.0
181.2898 	EXP 	fixation: autoDraw = True
182.2895 	INFO 	Keyboard events cleared
182.2890 	EXP 	fixation: autoDraw = False
182.2890 	EXP 	grating: autoDraw = True
182.5896 	EXP 	grating: autoDraw = False
182.8998 	EXP 	New trial (rep=98, index=0): None
182.9029 	DATA 	Keypress: down
182.9214 	EXP 	fixation: autoDraw = False
182.9214 	EXP 	grating: autoDraw = False
182.9214 	EXP 	grating: ori = 0.0
182.9214 	EXP 	fixation: autoDraw = True
183.9061 	INFO 	Keyboard events cleared
183.9054 	EXP 	grating: autoDraw = True
183.9224 	EXP 	fixation: autoDraw = False
184.2052 	EXP 	grating: autoDraw = False
184.5324 	EXP 	New trial (rep=99, index=0): None
184.5350 	DATA 	Keypress: up
184.5384 	EXP 	fixation: autoDraw = False
184.5384 	EXP 	grating: autoDraw = False
184.5384 	EXP 	grating: ori = 0.0
184.5384 	EXP 	fixation: autoDraw = True
185.5390 	INFO 	Keyboard events cleared
185.5385 	EXP 	fixation: autoDraw = False
185.5385 	EXP 	grating: autoDraw = True
185.8384 	EXP 	grating: autoDraw = False
186.0148 	DATA 	Keypress: up
186.0210 	EXP 	fixation: autoDraw = False
186.0210 	EXP 	grating: autoDraw = False
186.0249 	EXP 	signal_detection: status = STOPPED
186.0475 	INFO 	saved data to 'C:\\Users\\HP\\OneDrive\\Documents\\Psychopy_Experiments_Tutorials\\signal_detection\\data/692231_signal_detection_2024-09-13_11h33.30.094.csv'
186.0495 	INFO 	saved data to C:\Users\HP\OneDrive\Documents\Psychopy_Experiments_Tutorials\signal_detection\data/692231_signal_detection_2024-09-13_11h33.30.094.psydat
186.0857 	EXP 	window1: mouseVisible = True
186.8047 	DEBUG 	Saving data for signal_detection ExperimentHandler
